ARM GAS  C:\Users\silsp\AppData\Local\Temp\ccZ6AB9T.s 			page 1


   1              		.cpu cortex-m4
   2              		.arch armv7e-m
   3              		.fpu fpv4-sp-d16
   4              		.eabi_attribute 27, 1
   5              		.eabi_attribute 28, 1
   6              		.eabi_attribute 20, 1
   7              		.eabi_attribute 21, 1
   8              		.eabi_attribute 23, 3
   9              		.eabi_attribute 24, 1
  10              		.eabi_attribute 25, 1
  11              		.eabi_attribute 26, 1
  12              		.eabi_attribute 30, 1
  13              		.eabi_attribute 34, 1
  14              		.eabi_attribute 18, 4
  15              		.file	"tim.c"
  16              		.text
  17              	.Ltext0:
  18              		.cfi_sections	.debug_frame
  19              		.file 1 "Core/Src/tim.c"
  20              		.section	.text.MX_TIM6_Init,"ax",%progbits
  21              		.align	1
  22              		.global	MX_TIM6_Init
  23              		.syntax unified
  24              		.thumb
  25              		.thumb_func
  27              	MX_TIM6_Init:
  28              	.LFB241:
   1:Core/Src/tim.c **** /* USER CODE BEGIN Header */
   2:Core/Src/tim.c **** /**
   3:Core/Src/tim.c ****   ******************************************************************************
   4:Core/Src/tim.c ****   * @file    tim.c
   5:Core/Src/tim.c ****   * @brief   This file provides code for the configuration
   6:Core/Src/tim.c ****   *          of the TIM instances.
   7:Core/Src/tim.c ****   ******************************************************************************
   8:Core/Src/tim.c ****   * @attention
   9:Core/Src/tim.c ****   *
  10:Core/Src/tim.c ****   * Copyright (c) 2024 STMicroelectronics.
  11:Core/Src/tim.c ****   * All rights reserved.
  12:Core/Src/tim.c ****   *
  13:Core/Src/tim.c ****   * This software is licensed under terms that can be found in the LICENSE file
  14:Core/Src/tim.c ****   * in the root directory of this software component.
  15:Core/Src/tim.c ****   * If no LICENSE file comes with this software, it is provided AS-IS.
  16:Core/Src/tim.c ****   *
  17:Core/Src/tim.c ****   ******************************************************************************
  18:Core/Src/tim.c ****   */
  19:Core/Src/tim.c **** /* USER CODE END Header */
  20:Core/Src/tim.c **** /* Includes ------------------------------------------------------------------*/
  21:Core/Src/tim.c **** #include "tim.h"
  22:Core/Src/tim.c **** 
  23:Core/Src/tim.c **** /* USER CODE BEGIN 0 */
  24:Core/Src/tim.c **** 
  25:Core/Src/tim.c **** /* USER CODE END 0 */
  26:Core/Src/tim.c **** 
  27:Core/Src/tim.c **** TIM_HandleTypeDef htim2;
  28:Core/Src/tim.c **** TIM_HandleTypeDef htim3;
  29:Core/Src/tim.c **** TIM_HandleTypeDef htim6;
  30:Core/Src/tim.c **** 
ARM GAS  C:\Users\silsp\AppData\Local\Temp\ccZ6AB9T.s 			page 2


  31:Core/Src/tim.c **** /* TIM2 init function */
  32:Core/Src/tim.c **** void MX_TIM2_Init(void)
  33:Core/Src/tim.c **** {
  34:Core/Src/tim.c **** 
  35:Core/Src/tim.c ****   /* USER CODE BEGIN TIM2_Init 0 */
  36:Core/Src/tim.c **** 
  37:Core/Src/tim.c ****   /* USER CODE END TIM2_Init 0 */
  38:Core/Src/tim.c **** 
  39:Core/Src/tim.c ****   TIM_ClockConfigTypeDef sClockSourceConfig = {0};
  40:Core/Src/tim.c ****   TIM_MasterConfigTypeDef sMasterConfig = {0};
  41:Core/Src/tim.c ****   TIM_OC_InitTypeDef sConfigOC = {0};
  42:Core/Src/tim.c **** 
  43:Core/Src/tim.c ****   /* USER CODE BEGIN TIM2_Init 1 */
  44:Core/Src/tim.c **** 
  45:Core/Src/tim.c ****   /* USER CODE END TIM2_Init 1 */
  46:Core/Src/tim.c ****   htim2.Instance = TIM2;
  47:Core/Src/tim.c ****   htim2.Init.Prescaler = 2812-1;
  48:Core/Src/tim.c ****   htim2.Init.CounterMode = TIM_COUNTERMODE_UP;
  49:Core/Src/tim.c ****   htim2.Init.Period = 500-1;
  50:Core/Src/tim.c ****   htim2.Init.ClockDivision = TIM_CLOCKDIVISION_DIV1;
  51:Core/Src/tim.c ****   htim2.Init.AutoReloadPreload = TIM_AUTORELOAD_PRELOAD_ENABLE;
  52:Core/Src/tim.c ****   if (HAL_TIM_Base_Init(&htim2) != HAL_OK)
  53:Core/Src/tim.c ****   {
  54:Core/Src/tim.c ****     Error_Handler();
  55:Core/Src/tim.c ****   }
  56:Core/Src/tim.c ****   sClockSourceConfig.ClockSource = TIM_CLOCKSOURCE_INTERNAL;
  57:Core/Src/tim.c ****   if (HAL_TIM_ConfigClockSource(&htim2, &sClockSourceConfig) != HAL_OK)
  58:Core/Src/tim.c ****   {
  59:Core/Src/tim.c ****     Error_Handler();
  60:Core/Src/tim.c ****   }
  61:Core/Src/tim.c ****   if (HAL_TIM_OC_Init(&htim2) != HAL_OK)
  62:Core/Src/tim.c ****   {
  63:Core/Src/tim.c ****     Error_Handler();
  64:Core/Src/tim.c ****   }
  65:Core/Src/tim.c ****   sMasterConfig.MasterOutputTrigger = TIM_TRGO_RESET;
  66:Core/Src/tim.c ****   sMasterConfig.MasterSlaveMode = TIM_MASTERSLAVEMODE_DISABLE;
  67:Core/Src/tim.c ****   if (HAL_TIMEx_MasterConfigSynchronization(&htim2, &sMasterConfig) != HAL_OK)
  68:Core/Src/tim.c ****   {
  69:Core/Src/tim.c ****     Error_Handler();
  70:Core/Src/tim.c ****   }
  71:Core/Src/tim.c ****   sConfigOC.OCMode = TIM_OCMODE_TOGGLE;
  72:Core/Src/tim.c ****   sConfigOC.Pulse = 0;
  73:Core/Src/tim.c ****   sConfigOC.OCPolarity = TIM_OCPOLARITY_HIGH;
  74:Core/Src/tim.c ****   sConfigOC.OCFastMode = TIM_OCFAST_DISABLE;
  75:Core/Src/tim.c ****   if (HAL_TIM_OC_ConfigChannel(&htim2, &sConfigOC, TIM_CHANNEL_3) != HAL_OK)
  76:Core/Src/tim.c ****   {
  77:Core/Src/tim.c ****     Error_Handler();
  78:Core/Src/tim.c ****   }
  79:Core/Src/tim.c ****   /* USER CODE BEGIN TIM2_Init 2 */
  80:Core/Src/tim.c **** 
  81:Core/Src/tim.c ****   /* USER CODE END TIM2_Init 2 */
  82:Core/Src/tim.c ****   HAL_TIM_MspPostInit(&htim2);
  83:Core/Src/tim.c **** 
  84:Core/Src/tim.c **** }
  85:Core/Src/tim.c **** /* TIM3 init function */
  86:Core/Src/tim.c **** void MX_TIM3_Init(void)
  87:Core/Src/tim.c **** {
ARM GAS  C:\Users\silsp\AppData\Local\Temp\ccZ6AB9T.s 			page 3


  88:Core/Src/tim.c **** 
  89:Core/Src/tim.c ****   /* USER CODE BEGIN TIM3_Init 0 */
  90:Core/Src/tim.c **** 
  91:Core/Src/tim.c ****   /* USER CODE END TIM3_Init 0 */
  92:Core/Src/tim.c **** 
  93:Core/Src/tim.c ****   TIM_MasterConfigTypeDef sMasterConfig = {0};
  94:Core/Src/tim.c ****   TIM_OC_InitTypeDef sConfigOC = {0};
  95:Core/Src/tim.c **** 
  96:Core/Src/tim.c ****   /* USER CODE BEGIN TIM3_Init 1 */
  97:Core/Src/tim.c **** 
  98:Core/Src/tim.c ****   /* USER CODE END TIM3_Init 1 */
  99:Core/Src/tim.c ****   htim3.Instance = TIM3;
 100:Core/Src/tim.c ****   htim3.Init.Prescaler = 1-1;
 101:Core/Src/tim.c ****   htim3.Init.CounterMode = TIM_COUNTERMODE_DOWN;
 102:Core/Src/tim.c ****   htim3.Init.Period = 4096-1;
 103:Core/Src/tim.c ****   htim3.Init.ClockDivision = TIM_CLOCKDIVISION_DIV1;
 104:Core/Src/tim.c ****   htim3.Init.AutoReloadPreload = TIM_AUTORELOAD_PRELOAD_DISABLE;
 105:Core/Src/tim.c ****   if (HAL_TIM_PWM_Init(&htim3) != HAL_OK)
 106:Core/Src/tim.c ****   {
 107:Core/Src/tim.c ****     Error_Handler();
 108:Core/Src/tim.c ****   }
 109:Core/Src/tim.c ****   sMasterConfig.MasterOutputTrigger = TIM_TRGO_RESET;
 110:Core/Src/tim.c ****   sMasterConfig.MasterSlaveMode = TIM_MASTERSLAVEMODE_DISABLE;
 111:Core/Src/tim.c ****   if (HAL_TIMEx_MasterConfigSynchronization(&htim3, &sMasterConfig) != HAL_OK)
 112:Core/Src/tim.c ****   {
 113:Core/Src/tim.c ****     Error_Handler();
 114:Core/Src/tim.c ****   }
 115:Core/Src/tim.c ****   sConfigOC.OCMode = TIM_OCMODE_PWM1;
 116:Core/Src/tim.c ****   sConfigOC.Pulse = 2048-1;
 117:Core/Src/tim.c ****   sConfigOC.OCPolarity = TIM_OCPOLARITY_HIGH;
 118:Core/Src/tim.c ****   sConfigOC.OCFastMode = TIM_OCFAST_DISABLE;
 119:Core/Src/tim.c ****   if (HAL_TIM_PWM_ConfigChannel(&htim3, &sConfigOC, TIM_CHANNEL_1) != HAL_OK)
 120:Core/Src/tim.c ****   {
 121:Core/Src/tim.c ****     Error_Handler();
 122:Core/Src/tim.c ****   }
 123:Core/Src/tim.c ****   sConfigOC.OCPolarity = TIM_OCPOLARITY_LOW;
 124:Core/Src/tim.c ****   if (HAL_TIM_PWM_ConfigChannel(&htim3, &sConfigOC, TIM_CHANNEL_2) != HAL_OK)
 125:Core/Src/tim.c ****   {
 126:Core/Src/tim.c ****     Error_Handler();
 127:Core/Src/tim.c ****   }
 128:Core/Src/tim.c ****   /* USER CODE BEGIN TIM3_Init 2 */
 129:Core/Src/tim.c **** 
 130:Core/Src/tim.c ****   /* USER CODE END TIM3_Init 2 */
 131:Core/Src/tim.c ****   HAL_TIM_MspPostInit(&htim3);
 132:Core/Src/tim.c **** 
 133:Core/Src/tim.c **** }
 134:Core/Src/tim.c **** /* TIM6 init function */
 135:Core/Src/tim.c **** void MX_TIM6_Init(void)
 136:Core/Src/tim.c **** {
  29              		.loc 1 136 1 view -0
  30              		.cfi_startproc
  31              		@ args = 0, pretend = 0, frame = 8
  32              		@ frame_needed = 0, uses_anonymous_args = 0
  33 0000 00B5     		push	{lr}
  34              		.cfi_def_cfa_offset 4
  35              		.cfi_offset 14, -4
  36 0002 83B0     		sub	sp, sp, #12
ARM GAS  C:\Users\silsp\AppData\Local\Temp\ccZ6AB9T.s 			page 4


  37              		.cfi_def_cfa_offset 16
 137:Core/Src/tim.c **** 
 138:Core/Src/tim.c ****   /* USER CODE BEGIN TIM6_Init 0 */
 139:Core/Src/tim.c **** 
 140:Core/Src/tim.c ****   /* USER CODE END TIM6_Init 0 */
 141:Core/Src/tim.c **** 
 142:Core/Src/tim.c ****   TIM_MasterConfigTypeDef sMasterConfig = {0};
  38              		.loc 1 142 3 view .LVU1
  39              		.loc 1 142 27 is_stmt 0 view .LVU2
  40 0004 0023     		movs	r3, #0
  41 0006 0093     		str	r3, [sp]
  42 0008 0193     		str	r3, [sp, #4]
 143:Core/Src/tim.c **** 
 144:Core/Src/tim.c ****   /* USER CODE BEGIN TIM6_Init 1 */
 145:Core/Src/tim.c **** 
 146:Core/Src/tim.c ****   /* USER CODE END TIM6_Init 1 */
 147:Core/Src/tim.c ****   htim6.Instance = TIM6;
  43              		.loc 1 147 3 is_stmt 1 view .LVU3
  44              		.loc 1 147 18 is_stmt 0 view .LVU4
  45 000a 0F48     		ldr	r0, .L7
  46 000c 0F4A     		ldr	r2, .L7+4
  47 000e 0260     		str	r2, [r0]
 148:Core/Src/tim.c ****   htim6.Init.Prescaler = 9000;
  48              		.loc 1 148 3 is_stmt 1 view .LVU5
  49              		.loc 1 148 24 is_stmt 0 view .LVU6
  50 0010 42F22832 		movw	r2, #9000
  51 0014 4260     		str	r2, [r0, #4]
 149:Core/Src/tim.c ****   htim6.Init.CounterMode = TIM_COUNTERMODE_UP;
  52              		.loc 1 149 3 is_stmt 1 view .LVU7
  53              		.loc 1 149 26 is_stmt 0 view .LVU8
  54 0016 8360     		str	r3, [r0, #8]
 150:Core/Src/tim.c ****   htim6.Init.Period = 10000;
  55              		.loc 1 150 3 is_stmt 1 view .LVU9
  56              		.loc 1 150 21 is_stmt 0 view .LVU10
  57 0018 42F21072 		movw	r2, #10000
  58 001c C260     		str	r2, [r0, #12]
 151:Core/Src/tim.c ****   htim6.Init.AutoReloadPreload = TIM_AUTORELOAD_PRELOAD_DISABLE;
  59              		.loc 1 151 3 is_stmt 1 view .LVU11
  60              		.loc 1 151 32 is_stmt 0 view .LVU12
  61 001e 8361     		str	r3, [r0, #24]
 152:Core/Src/tim.c ****   if (HAL_TIM_Base_Init(&htim6) != HAL_OK)
  62              		.loc 1 152 3 is_stmt 1 view .LVU13
  63              		.loc 1 152 7 is_stmt 0 view .LVU14
  64 0020 FFF7FEFF 		bl	HAL_TIM_Base_Init
  65              	.LVL0:
  66              		.loc 1 152 6 discriminator 1 view .LVU15
  67 0024 50B9     		cbnz	r0, .L5
  68              	.L2:
 153:Core/Src/tim.c ****   {
 154:Core/Src/tim.c ****     Error_Handler();
 155:Core/Src/tim.c ****   }
 156:Core/Src/tim.c ****   sMasterConfig.MasterOutputTrigger = TIM_TRGO_RESET;
  69              		.loc 1 156 3 is_stmt 1 view .LVU16
  70              		.loc 1 156 37 is_stmt 0 view .LVU17
  71 0026 0023     		movs	r3, #0
  72 0028 0093     		str	r3, [sp]
 157:Core/Src/tim.c ****   sMasterConfig.MasterSlaveMode = TIM_MASTERSLAVEMODE_DISABLE;
ARM GAS  C:\Users\silsp\AppData\Local\Temp\ccZ6AB9T.s 			page 5


  73              		.loc 1 157 3 is_stmt 1 view .LVU18
  74              		.loc 1 157 33 is_stmt 0 view .LVU19
  75 002a 0193     		str	r3, [sp, #4]
 158:Core/Src/tim.c ****   if (HAL_TIMEx_MasterConfigSynchronization(&htim6, &sMasterConfig) != HAL_OK)
  76              		.loc 1 158 3 is_stmt 1 view .LVU20
  77              		.loc 1 158 7 is_stmt 0 view .LVU21
  78 002c 6946     		mov	r1, sp
  79 002e 0648     		ldr	r0, .L7
  80 0030 FFF7FEFF 		bl	HAL_TIMEx_MasterConfigSynchronization
  81              	.LVL1:
  82              		.loc 1 158 6 discriminator 1 view .LVU22
  83 0034 28B9     		cbnz	r0, .L6
  84              	.L1:
 159:Core/Src/tim.c ****   {
 160:Core/Src/tim.c ****     Error_Handler();
 161:Core/Src/tim.c ****   }
 162:Core/Src/tim.c ****   /* USER CODE BEGIN TIM6_Init 2 */
 163:Core/Src/tim.c **** 
 164:Core/Src/tim.c ****   /* USER CODE END TIM6_Init 2 */
 165:Core/Src/tim.c **** 
 166:Core/Src/tim.c **** }
  85              		.loc 1 166 1 view .LVU23
  86 0036 03B0     		add	sp, sp, #12
  87              		.cfi_remember_state
  88              		.cfi_def_cfa_offset 4
  89              		@ sp needed
  90 0038 5DF804FB 		ldr	pc, [sp], #4
  91              	.L5:
  92              		.cfi_restore_state
 154:Core/Src/tim.c ****   }
  93              		.loc 1 154 5 is_stmt 1 view .LVU24
  94 003c FFF7FEFF 		bl	Error_Handler
  95              	.LVL2:
  96 0040 F1E7     		b	.L2
  97              	.L6:
 160:Core/Src/tim.c ****   }
  98              		.loc 1 160 5 view .LVU25
  99 0042 FFF7FEFF 		bl	Error_Handler
 100              	.LVL3:
 101              		.loc 1 166 1 is_stmt 0 view .LVU26
 102 0046 F6E7     		b	.L1
 103              	.L8:
 104              		.align	2
 105              	.L7:
 106 0048 00000000 		.word	htim6
 107 004c 00100040 		.word	1073745920
 108              		.cfi_endproc
 109              	.LFE241:
 111              		.section	.text.HAL_TIM_Base_MspInit,"ax",%progbits
 112              		.align	1
 113              		.global	HAL_TIM_Base_MspInit
 114              		.syntax unified
 115              		.thumb
 116              		.thumb_func
 118              	HAL_TIM_Base_MspInit:
 119              	.LVL4:
 120              	.LFB242:
ARM GAS  C:\Users\silsp\AppData\Local\Temp\ccZ6AB9T.s 			page 6


 167:Core/Src/tim.c **** 
 168:Core/Src/tim.c **** void HAL_TIM_Base_MspInit(TIM_HandleTypeDef* tim_baseHandle)
 169:Core/Src/tim.c **** {
 121              		.loc 1 169 1 is_stmt 1 view -0
 122              		.cfi_startproc
 123              		@ args = 0, pretend = 0, frame = 32
 124              		@ frame_needed = 0, uses_anonymous_args = 0
 125              		.loc 1 169 1 is_stmt 0 view .LVU28
 126 0000 00B5     		push	{lr}
 127              		.cfi_def_cfa_offset 4
 128              		.cfi_offset 14, -4
 129 0002 89B0     		sub	sp, sp, #36
 130              		.cfi_def_cfa_offset 40
 170:Core/Src/tim.c **** 
 171:Core/Src/tim.c ****   GPIO_InitTypeDef GPIO_InitStruct = {0};
 131              		.loc 1 171 3 is_stmt 1 view .LVU29
 132              		.loc 1 171 20 is_stmt 0 view .LVU30
 133 0004 0023     		movs	r3, #0
 134 0006 0393     		str	r3, [sp, #12]
 135 0008 0493     		str	r3, [sp, #16]
 136 000a 0593     		str	r3, [sp, #20]
 137 000c 0693     		str	r3, [sp, #24]
 138 000e 0793     		str	r3, [sp, #28]
 172:Core/Src/tim.c ****   if(tim_baseHandle->Instance==TIM2)
 139              		.loc 1 172 3 is_stmt 1 view .LVU31
 140              		.loc 1 172 20 is_stmt 0 view .LVU32
 141 0010 0368     		ldr	r3, [r0]
 142              		.loc 1 172 5 view .LVU33
 143 0012 B3F1804F 		cmp	r3, #1073741824
 144 0016 05D0     		beq	.L13
 173:Core/Src/tim.c ****   {
 174:Core/Src/tim.c ****   /* USER CODE BEGIN TIM2_MspInit 0 */
 175:Core/Src/tim.c **** 
 176:Core/Src/tim.c ****   /* USER CODE END TIM2_MspInit 0 */
 177:Core/Src/tim.c ****     /* TIM2 clock enable */
 178:Core/Src/tim.c ****     __HAL_RCC_TIM2_CLK_ENABLE();
 179:Core/Src/tim.c **** 
 180:Core/Src/tim.c ****     __HAL_RCC_GPIOB_CLK_ENABLE();
 181:Core/Src/tim.c ****     /**TIM2 GPIO Configuration
 182:Core/Src/tim.c ****     PB8     ------> TIM2_CH1
 183:Core/Src/tim.c ****     */
 184:Core/Src/tim.c ****     GPIO_InitStruct.Pin = GPIO_PIN_8;
 185:Core/Src/tim.c ****     GPIO_InitStruct.Mode = GPIO_MODE_AF_PP;
 186:Core/Src/tim.c ****     GPIO_InitStruct.Pull = GPIO_NOPULL;
 187:Core/Src/tim.c ****     GPIO_InitStruct.Speed = GPIO_SPEED_FREQ_LOW;
 188:Core/Src/tim.c ****     GPIO_InitStruct.Alternate = GPIO_AF1_TIM2;
 189:Core/Src/tim.c ****     HAL_GPIO_Init(GPIOB, &GPIO_InitStruct);
 190:Core/Src/tim.c **** 
 191:Core/Src/tim.c ****   /* USER CODE BEGIN TIM2_MspInit 1 */
 192:Core/Src/tim.c **** 
 193:Core/Src/tim.c ****   /* USER CODE END TIM2_MspInit 1 */
 194:Core/Src/tim.c ****   }
 195:Core/Src/tim.c ****   else if(tim_baseHandle->Instance==TIM6)
 145              		.loc 1 195 8 is_stmt 1 view .LVU34
 146              		.loc 1 195 10 is_stmt 0 view .LVU35
 147 0018 1E4A     		ldr	r2, .L15
 148 001a 9342     		cmp	r3, r2
ARM GAS  C:\Users\silsp\AppData\Local\Temp\ccZ6AB9T.s 			page 7


 149 001c 25D0     		beq	.L14
 150              	.LVL5:
 151              	.L9:
 196:Core/Src/tim.c ****   {
 197:Core/Src/tim.c ****   /* USER CODE BEGIN TIM6_MspInit 0 */
 198:Core/Src/tim.c **** 
 199:Core/Src/tim.c ****   /* USER CODE END TIM6_MspInit 0 */
 200:Core/Src/tim.c ****     /* TIM6 clock enable */
 201:Core/Src/tim.c ****     __HAL_RCC_TIM6_CLK_ENABLE();
 202:Core/Src/tim.c **** 
 203:Core/Src/tim.c ****     /* TIM6 interrupt Init */
 204:Core/Src/tim.c ****     HAL_NVIC_SetPriority(TIM6_DAC_IRQn, 0, 0);
 205:Core/Src/tim.c ****     HAL_NVIC_EnableIRQ(TIM6_DAC_IRQn);
 206:Core/Src/tim.c ****   /* USER CODE BEGIN TIM6_MspInit 1 */
 207:Core/Src/tim.c **** 
 208:Core/Src/tim.c ****   /* USER CODE END TIM6_MspInit 1 */
 209:Core/Src/tim.c ****   }
 210:Core/Src/tim.c **** }
 152              		.loc 1 210 1 view .LVU36
 153 001e 09B0     		add	sp, sp, #36
 154              		.cfi_remember_state
 155              		.cfi_def_cfa_offset 4
 156              		@ sp needed
 157 0020 5DF804FB 		ldr	pc, [sp], #4
 158              	.LVL6:
 159              	.L13:
 160              		.cfi_restore_state
 178:Core/Src/tim.c **** 
 161              		.loc 1 178 5 is_stmt 1 view .LVU37
 162              	.LBB2:
 178:Core/Src/tim.c **** 
 163              		.loc 1 178 5 view .LVU38
 164 0024 0021     		movs	r1, #0
 165 0026 0091     		str	r1, [sp]
 178:Core/Src/tim.c **** 
 166              		.loc 1 178 5 view .LVU39
 167 0028 03F50E33 		add	r3, r3, #145408
 168 002c 1A6C     		ldr	r2, [r3, #64]
 169 002e 42F00102 		orr	r2, r2, #1
 170 0032 1A64     		str	r2, [r3, #64]
 178:Core/Src/tim.c **** 
 171              		.loc 1 178 5 view .LVU40
 172 0034 1A6C     		ldr	r2, [r3, #64]
 173 0036 02F00102 		and	r2, r2, #1
 174 003a 0092     		str	r2, [sp]
 178:Core/Src/tim.c **** 
 175              		.loc 1 178 5 view .LVU41
 176 003c 009A     		ldr	r2, [sp]
 177              	.LBE2:
 178:Core/Src/tim.c **** 
 178              		.loc 1 178 5 view .LVU42
 180:Core/Src/tim.c ****     /**TIM2 GPIO Configuration
 179              		.loc 1 180 5 view .LVU43
 180              	.LBB3:
 180:Core/Src/tim.c ****     /**TIM2 GPIO Configuration
 181              		.loc 1 180 5 view .LVU44
 182 003e 0191     		str	r1, [sp, #4]
ARM GAS  C:\Users\silsp\AppData\Local\Temp\ccZ6AB9T.s 			page 8


 180:Core/Src/tim.c ****     /**TIM2 GPIO Configuration
 183              		.loc 1 180 5 view .LVU45
 184 0040 1A6B     		ldr	r2, [r3, #48]
 185 0042 42F00202 		orr	r2, r2, #2
 186 0046 1A63     		str	r2, [r3, #48]
 180:Core/Src/tim.c ****     /**TIM2 GPIO Configuration
 187              		.loc 1 180 5 view .LVU46
 188 0048 1B6B     		ldr	r3, [r3, #48]
 189 004a 03F00203 		and	r3, r3, #2
 190 004e 0193     		str	r3, [sp, #4]
 180:Core/Src/tim.c ****     /**TIM2 GPIO Configuration
 191              		.loc 1 180 5 view .LVU47
 192 0050 019B     		ldr	r3, [sp, #4]
 193              	.LBE3:
 180:Core/Src/tim.c ****     /**TIM2 GPIO Configuration
 194              		.loc 1 180 5 view .LVU48
 184:Core/Src/tim.c ****     GPIO_InitStruct.Mode = GPIO_MODE_AF_PP;
 195              		.loc 1 184 5 view .LVU49
 184:Core/Src/tim.c ****     GPIO_InitStruct.Mode = GPIO_MODE_AF_PP;
 196              		.loc 1 184 25 is_stmt 0 view .LVU50
 197 0052 4FF48073 		mov	r3, #256
 198 0056 0393     		str	r3, [sp, #12]
 185:Core/Src/tim.c ****     GPIO_InitStruct.Pull = GPIO_NOPULL;
 199              		.loc 1 185 5 is_stmt 1 view .LVU51
 185:Core/Src/tim.c ****     GPIO_InitStruct.Pull = GPIO_NOPULL;
 200              		.loc 1 185 26 is_stmt 0 view .LVU52
 201 0058 0223     		movs	r3, #2
 202 005a 0493     		str	r3, [sp, #16]
 186:Core/Src/tim.c ****     GPIO_InitStruct.Speed = GPIO_SPEED_FREQ_LOW;
 203              		.loc 1 186 5 is_stmt 1 view .LVU53
 187:Core/Src/tim.c ****     GPIO_InitStruct.Alternate = GPIO_AF1_TIM2;
 204              		.loc 1 187 5 view .LVU54
 188:Core/Src/tim.c ****     HAL_GPIO_Init(GPIOB, &GPIO_InitStruct);
 205              		.loc 1 188 5 view .LVU55
 188:Core/Src/tim.c ****     HAL_GPIO_Init(GPIOB, &GPIO_InitStruct);
 206              		.loc 1 188 31 is_stmt 0 view .LVU56
 207 005c 0123     		movs	r3, #1
 208 005e 0793     		str	r3, [sp, #28]
 189:Core/Src/tim.c **** 
 209              		.loc 1 189 5 is_stmt 1 view .LVU57
 210 0060 03A9     		add	r1, sp, #12
 211 0062 0D48     		ldr	r0, .L15+4
 212              	.LVL7:
 189:Core/Src/tim.c **** 
 213              		.loc 1 189 5 is_stmt 0 view .LVU58
 214 0064 FFF7FEFF 		bl	HAL_GPIO_Init
 215              	.LVL8:
 216 0068 D9E7     		b	.L9
 217              	.LVL9:
 218              	.L14:
 201:Core/Src/tim.c **** 
 219              		.loc 1 201 5 is_stmt 1 view .LVU59
 220              	.LBB4:
 201:Core/Src/tim.c **** 
 221              		.loc 1 201 5 view .LVU60
 222 006a 0021     		movs	r1, #0
 223 006c 0291     		str	r1, [sp, #8]
ARM GAS  C:\Users\silsp\AppData\Local\Temp\ccZ6AB9T.s 			page 9


 201:Core/Src/tim.c **** 
 224              		.loc 1 201 5 view .LVU61
 225 006e 0B4B     		ldr	r3, .L15+8
 226 0070 1A6C     		ldr	r2, [r3, #64]
 227 0072 42F01002 		orr	r2, r2, #16
 228 0076 1A64     		str	r2, [r3, #64]
 201:Core/Src/tim.c **** 
 229              		.loc 1 201 5 view .LVU62
 230 0078 1B6C     		ldr	r3, [r3, #64]
 231 007a 03F01003 		and	r3, r3, #16
 232 007e 0293     		str	r3, [sp, #8]
 201:Core/Src/tim.c **** 
 233              		.loc 1 201 5 view .LVU63
 234 0080 029B     		ldr	r3, [sp, #8]
 235              	.LBE4:
 201:Core/Src/tim.c **** 
 236              		.loc 1 201 5 view .LVU64
 204:Core/Src/tim.c ****     HAL_NVIC_EnableIRQ(TIM6_DAC_IRQn);
 237              		.loc 1 204 5 view .LVU65
 238 0082 0A46     		mov	r2, r1
 239 0084 3620     		movs	r0, #54
 240              	.LVL10:
 204:Core/Src/tim.c ****     HAL_NVIC_EnableIRQ(TIM6_DAC_IRQn);
 241              		.loc 1 204 5 is_stmt 0 view .LVU66
 242 0086 FFF7FEFF 		bl	HAL_NVIC_SetPriority
 243              	.LVL11:
 205:Core/Src/tim.c ****   /* USER CODE BEGIN TIM6_MspInit 1 */
 244              		.loc 1 205 5 is_stmt 1 view .LVU67
 245 008a 3620     		movs	r0, #54
 246 008c FFF7FEFF 		bl	HAL_NVIC_EnableIRQ
 247              	.LVL12:
 248              		.loc 1 210 1 is_stmt 0 view .LVU68
 249 0090 C5E7     		b	.L9
 250              	.L16:
 251 0092 00BF     		.align	2
 252              	.L15:
 253 0094 00100040 		.word	1073745920
 254 0098 00040240 		.word	1073873920
 255 009c 00380240 		.word	1073887232
 256              		.cfi_endproc
 257              	.LFE242:
 259              		.section	.text.HAL_TIM_PWM_MspInit,"ax",%progbits
 260              		.align	1
 261              		.global	HAL_TIM_PWM_MspInit
 262              		.syntax unified
 263              		.thumb
 264              		.thumb_func
 266              	HAL_TIM_PWM_MspInit:
 267              	.LVL13:
 268              	.LFB243:
 211:Core/Src/tim.c **** 
 212:Core/Src/tim.c **** void HAL_TIM_PWM_MspInit(TIM_HandleTypeDef* tim_pwmHandle)
 213:Core/Src/tim.c **** {
 269              		.loc 1 213 1 is_stmt 1 view -0
 270              		.cfi_startproc
 271              		@ args = 0, pretend = 0, frame = 8
 272              		@ frame_needed = 0, uses_anonymous_args = 0
ARM GAS  C:\Users\silsp\AppData\Local\Temp\ccZ6AB9T.s 			page 10


 273              		@ link register save eliminated.
 214:Core/Src/tim.c **** 
 215:Core/Src/tim.c ****   if(tim_pwmHandle->Instance==TIM3)
 274              		.loc 1 215 3 view .LVU70
 275              		.loc 1 215 19 is_stmt 0 view .LVU71
 276 0000 0268     		ldr	r2, [r0]
 277              		.loc 1 215 5 view .LVU72
 278 0002 094B     		ldr	r3, .L24
 279 0004 9A42     		cmp	r2, r3
 280 0006 00D0     		beq	.L23
 281 0008 7047     		bx	lr
 282              	.L23:
 213:Core/Src/tim.c **** 
 283              		.loc 1 213 1 view .LVU73
 284 000a 82B0     		sub	sp, sp, #8
 285              		.cfi_def_cfa_offset 8
 216:Core/Src/tim.c ****   {
 217:Core/Src/tim.c ****   /* USER CODE BEGIN TIM3_MspInit 0 */
 218:Core/Src/tim.c **** 
 219:Core/Src/tim.c ****   /* USER CODE END TIM3_MspInit 0 */
 220:Core/Src/tim.c ****     /* TIM3 clock enable */
 221:Core/Src/tim.c ****     __HAL_RCC_TIM3_CLK_ENABLE();
 286              		.loc 1 221 5 is_stmt 1 view .LVU74
 287              	.LBB5:
 288              		.loc 1 221 5 view .LVU75
 289 000c 0023     		movs	r3, #0
 290 000e 0193     		str	r3, [sp, #4]
 291              		.loc 1 221 5 view .LVU76
 292 0010 064B     		ldr	r3, .L24+4
 293 0012 1A6C     		ldr	r2, [r3, #64]
 294 0014 42F00202 		orr	r2, r2, #2
 295 0018 1A64     		str	r2, [r3, #64]
 296              		.loc 1 221 5 view .LVU77
 297 001a 1B6C     		ldr	r3, [r3, #64]
 298 001c 03F00203 		and	r3, r3, #2
 299 0020 0193     		str	r3, [sp, #4]
 300              		.loc 1 221 5 view .LVU78
 301 0022 019B     		ldr	r3, [sp, #4]
 302              	.LBE5:
 303              		.loc 1 221 5 discriminator 1 view .LVU79
 222:Core/Src/tim.c ****   /* USER CODE BEGIN TIM3_MspInit 1 */
 223:Core/Src/tim.c **** 
 224:Core/Src/tim.c ****   /* USER CODE END TIM3_MspInit 1 */
 225:Core/Src/tim.c ****   }
 226:Core/Src/tim.c **** }
 304              		.loc 1 226 1 is_stmt 0 view .LVU80
 305 0024 02B0     		add	sp, sp, #8
 306              		.cfi_def_cfa_offset 0
 307              		@ sp needed
 308 0026 7047     		bx	lr
 309              	.L25:
 310              		.align	2
 311              	.L24:
 312 0028 00040040 		.word	1073742848
 313 002c 00380240 		.word	1073887232
 314              		.cfi_endproc
 315              	.LFE243:
ARM GAS  C:\Users\silsp\AppData\Local\Temp\ccZ6AB9T.s 			page 11


 317              		.section	.text.HAL_TIM_MspPostInit,"ax",%progbits
 318              		.align	1
 319              		.global	HAL_TIM_MspPostInit
 320              		.syntax unified
 321              		.thumb
 322              		.thumb_func
 324              	HAL_TIM_MspPostInit:
 325              	.LVL14:
 326              	.LFB244:
 227:Core/Src/tim.c **** void HAL_TIM_MspPostInit(TIM_HandleTypeDef* timHandle)
 228:Core/Src/tim.c **** {
 327              		.loc 1 228 1 is_stmt 1 view -0
 328              		.cfi_startproc
 329              		@ args = 0, pretend = 0, frame = 32
 330              		@ frame_needed = 0, uses_anonymous_args = 0
 331              		.loc 1 228 1 is_stmt 0 view .LVU82
 332 0000 00B5     		push	{lr}
 333              		.cfi_def_cfa_offset 4
 334              		.cfi_offset 14, -4
 335 0002 89B0     		sub	sp, sp, #36
 336              		.cfi_def_cfa_offset 40
 229:Core/Src/tim.c **** 
 230:Core/Src/tim.c ****   GPIO_InitTypeDef GPIO_InitStruct = {0};
 337              		.loc 1 230 3 is_stmt 1 view .LVU83
 338              		.loc 1 230 20 is_stmt 0 view .LVU84
 339 0004 0023     		movs	r3, #0
 340 0006 0393     		str	r3, [sp, #12]
 341 0008 0493     		str	r3, [sp, #16]
 342 000a 0593     		str	r3, [sp, #20]
 343 000c 0693     		str	r3, [sp, #24]
 344 000e 0793     		str	r3, [sp, #28]
 231:Core/Src/tim.c ****   if(timHandle->Instance==TIM2)
 345              		.loc 1 231 3 is_stmt 1 view .LVU85
 346              		.loc 1 231 15 is_stmt 0 view .LVU86
 347 0010 0368     		ldr	r3, [r0]
 348              		.loc 1 231 5 view .LVU87
 349 0012 B3F1804F 		cmp	r3, #1073741824
 350 0016 05D0     		beq	.L30
 232:Core/Src/tim.c ****   {
 233:Core/Src/tim.c ****   /* USER CODE BEGIN TIM2_MspPostInit 0 */
 234:Core/Src/tim.c **** 
 235:Core/Src/tim.c ****   /* USER CODE END TIM2_MspPostInit 0 */
 236:Core/Src/tim.c ****     __HAL_RCC_GPIOB_CLK_ENABLE();
 237:Core/Src/tim.c ****     /**TIM2 GPIO Configuration
 238:Core/Src/tim.c ****     PB10     ------> TIM2_CH3
 239:Core/Src/tim.c ****     */
 240:Core/Src/tim.c ****     GPIO_InitStruct.Pin = SPEAKER_Pin;
 241:Core/Src/tim.c ****     GPIO_InitStruct.Mode = GPIO_MODE_AF_PP;
 242:Core/Src/tim.c ****     GPIO_InitStruct.Pull = GPIO_NOPULL;
 243:Core/Src/tim.c ****     GPIO_InitStruct.Speed = GPIO_SPEED_FREQ_LOW;
 244:Core/Src/tim.c ****     GPIO_InitStruct.Alternate = GPIO_AF1_TIM2;
 245:Core/Src/tim.c ****     HAL_GPIO_Init(SPEAKER_GPIO_Port, &GPIO_InitStruct);
 246:Core/Src/tim.c **** 
 247:Core/Src/tim.c ****   /* USER CODE BEGIN TIM2_MspPostInit 1 */
 248:Core/Src/tim.c **** 
 249:Core/Src/tim.c ****   /* USER CODE END TIM2_MspPostInit 1 */
 250:Core/Src/tim.c ****   }
ARM GAS  C:\Users\silsp\AppData\Local\Temp\ccZ6AB9T.s 			page 12


 251:Core/Src/tim.c ****   else if(timHandle->Instance==TIM3)
 351              		.loc 1 251 8 is_stmt 1 view .LVU88
 352              		.loc 1 251 10 is_stmt 0 view .LVU89
 353 0018 194A     		ldr	r2, .L32
 354 001a 9342     		cmp	r3, r2
 355 001c 1AD0     		beq	.L31
 356              	.LVL15:
 357              	.L26:
 252:Core/Src/tim.c ****   {
 253:Core/Src/tim.c ****   /* USER CODE BEGIN TIM3_MspPostInit 0 */
 254:Core/Src/tim.c **** 
 255:Core/Src/tim.c ****   /* USER CODE END TIM3_MspPostInit 0 */
 256:Core/Src/tim.c **** 
 257:Core/Src/tim.c ****     __HAL_RCC_GPIOB_CLK_ENABLE();
 258:Core/Src/tim.c ****     /**TIM3 GPIO Configuration
 259:Core/Src/tim.c ****     PB4     ------> TIM3_CH1
 260:Core/Src/tim.c ****     PB5     ------> TIM3_CH2
 261:Core/Src/tim.c ****     */
 262:Core/Src/tim.c ****     GPIO_InitStruct.Pin = GPIO_PIN_4|GPIO_PIN_5;
 263:Core/Src/tim.c ****     GPIO_InitStruct.Mode = GPIO_MODE_AF_PP;
 264:Core/Src/tim.c ****     GPIO_InitStruct.Pull = GPIO_NOPULL;
 265:Core/Src/tim.c ****     GPIO_InitStruct.Speed = GPIO_SPEED_FREQ_LOW;
 266:Core/Src/tim.c ****     GPIO_InitStruct.Alternate = GPIO_AF2_TIM3;
 267:Core/Src/tim.c ****     HAL_GPIO_Init(GPIOB, &GPIO_InitStruct);
 268:Core/Src/tim.c **** 
 269:Core/Src/tim.c ****   /* USER CODE BEGIN TIM3_MspPostInit 1 */
 270:Core/Src/tim.c **** 
 271:Core/Src/tim.c ****   /* USER CODE END TIM3_MspPostInit 1 */
 272:Core/Src/tim.c ****   }
 273:Core/Src/tim.c **** 
 274:Core/Src/tim.c **** }
 358              		.loc 1 274 1 view .LVU90
 359 001e 09B0     		add	sp, sp, #36
 360              		.cfi_remember_state
 361              		.cfi_def_cfa_offset 4
 362              		@ sp needed
 363 0020 5DF804FB 		ldr	pc, [sp], #4
 364              	.LVL16:
 365              	.L30:
 366              		.cfi_restore_state
 236:Core/Src/tim.c ****     /**TIM2 GPIO Configuration
 367              		.loc 1 236 5 is_stmt 1 view .LVU91
 368              	.LBB6:
 236:Core/Src/tim.c ****     /**TIM2 GPIO Configuration
 369              		.loc 1 236 5 view .LVU92
 370 0024 0023     		movs	r3, #0
 371 0026 0193     		str	r3, [sp, #4]
 236:Core/Src/tim.c ****     /**TIM2 GPIO Configuration
 372              		.loc 1 236 5 view .LVU93
 373 0028 164B     		ldr	r3, .L32+4
 374 002a 1A6B     		ldr	r2, [r3, #48]
 375 002c 42F00202 		orr	r2, r2, #2
 376 0030 1A63     		str	r2, [r3, #48]
 236:Core/Src/tim.c ****     /**TIM2 GPIO Configuration
 377              		.loc 1 236 5 view .LVU94
 378 0032 1B6B     		ldr	r3, [r3, #48]
 379 0034 03F00203 		and	r3, r3, #2
ARM GAS  C:\Users\silsp\AppData\Local\Temp\ccZ6AB9T.s 			page 13


 380 0038 0193     		str	r3, [sp, #4]
 236:Core/Src/tim.c ****     /**TIM2 GPIO Configuration
 381              		.loc 1 236 5 view .LVU95
 382 003a 019B     		ldr	r3, [sp, #4]
 383              	.LBE6:
 236:Core/Src/tim.c ****     /**TIM2 GPIO Configuration
 384              		.loc 1 236 5 view .LVU96
 240:Core/Src/tim.c ****     GPIO_InitStruct.Mode = GPIO_MODE_AF_PP;
 385              		.loc 1 240 5 view .LVU97
 240:Core/Src/tim.c ****     GPIO_InitStruct.Mode = GPIO_MODE_AF_PP;
 386              		.loc 1 240 25 is_stmt 0 view .LVU98
 387 003c 4FF48063 		mov	r3, #1024
 388 0040 0393     		str	r3, [sp, #12]
 241:Core/Src/tim.c ****     GPIO_InitStruct.Pull = GPIO_NOPULL;
 389              		.loc 1 241 5 is_stmt 1 view .LVU99
 241:Core/Src/tim.c ****     GPIO_InitStruct.Pull = GPIO_NOPULL;
 390              		.loc 1 241 26 is_stmt 0 view .LVU100
 391 0042 0223     		movs	r3, #2
 392 0044 0493     		str	r3, [sp, #16]
 242:Core/Src/tim.c ****     GPIO_InitStruct.Speed = GPIO_SPEED_FREQ_LOW;
 393              		.loc 1 242 5 is_stmt 1 view .LVU101
 243:Core/Src/tim.c ****     GPIO_InitStruct.Alternate = GPIO_AF1_TIM2;
 394              		.loc 1 243 5 view .LVU102
 244:Core/Src/tim.c ****     HAL_GPIO_Init(SPEAKER_GPIO_Port, &GPIO_InitStruct);
 395              		.loc 1 244 5 view .LVU103
 244:Core/Src/tim.c ****     HAL_GPIO_Init(SPEAKER_GPIO_Port, &GPIO_InitStruct);
 396              		.loc 1 244 31 is_stmt 0 view .LVU104
 397 0046 0123     		movs	r3, #1
 398 0048 0793     		str	r3, [sp, #28]
 245:Core/Src/tim.c **** 
 399              		.loc 1 245 5 is_stmt 1 view .LVU105
 400 004a 03A9     		add	r1, sp, #12
 401 004c 0E48     		ldr	r0, .L32+8
 402              	.LVL17:
 245:Core/Src/tim.c **** 
 403              		.loc 1 245 5 is_stmt 0 view .LVU106
 404 004e FFF7FEFF 		bl	HAL_GPIO_Init
 405              	.LVL18:
 406 0052 E4E7     		b	.L26
 407              	.LVL19:
 408              	.L31:
 257:Core/Src/tim.c ****     /**TIM3 GPIO Configuration
 409              		.loc 1 257 5 is_stmt 1 view .LVU107
 410              	.LBB7:
 257:Core/Src/tim.c ****     /**TIM3 GPIO Configuration
 411              		.loc 1 257 5 view .LVU108
 412 0054 0023     		movs	r3, #0
 413 0056 0293     		str	r3, [sp, #8]
 257:Core/Src/tim.c ****     /**TIM3 GPIO Configuration
 414              		.loc 1 257 5 view .LVU109
 415 0058 0A4B     		ldr	r3, .L32+4
 416 005a 1A6B     		ldr	r2, [r3, #48]
 417 005c 42F00202 		orr	r2, r2, #2
 418 0060 1A63     		str	r2, [r3, #48]
 257:Core/Src/tim.c ****     /**TIM3 GPIO Configuration
 419              		.loc 1 257 5 view .LVU110
 420 0062 1B6B     		ldr	r3, [r3, #48]
ARM GAS  C:\Users\silsp\AppData\Local\Temp\ccZ6AB9T.s 			page 14


 421 0064 03F00203 		and	r3, r3, #2
 422 0068 0293     		str	r3, [sp, #8]
 257:Core/Src/tim.c ****     /**TIM3 GPIO Configuration
 423              		.loc 1 257 5 view .LVU111
 424 006a 029B     		ldr	r3, [sp, #8]
 425              	.LBE7:
 257:Core/Src/tim.c ****     /**TIM3 GPIO Configuration
 426              		.loc 1 257 5 view .LVU112
 262:Core/Src/tim.c ****     GPIO_InitStruct.Mode = GPIO_MODE_AF_PP;
 427              		.loc 1 262 5 view .LVU113
 262:Core/Src/tim.c ****     GPIO_InitStruct.Mode = GPIO_MODE_AF_PP;
 428              		.loc 1 262 25 is_stmt 0 view .LVU114
 429 006c 3023     		movs	r3, #48
 430 006e 0393     		str	r3, [sp, #12]
 263:Core/Src/tim.c ****     GPIO_InitStruct.Pull = GPIO_NOPULL;
 431              		.loc 1 263 5 is_stmt 1 view .LVU115
 263:Core/Src/tim.c ****     GPIO_InitStruct.Pull = GPIO_NOPULL;
 432              		.loc 1 263 26 is_stmt 0 view .LVU116
 433 0070 0223     		movs	r3, #2
 434 0072 0493     		str	r3, [sp, #16]
 264:Core/Src/tim.c ****     GPIO_InitStruct.Speed = GPIO_SPEED_FREQ_LOW;
 435              		.loc 1 264 5 is_stmt 1 view .LVU117
 265:Core/Src/tim.c ****     GPIO_InitStruct.Alternate = GPIO_AF2_TIM3;
 436              		.loc 1 265 5 view .LVU118
 266:Core/Src/tim.c ****     HAL_GPIO_Init(GPIOB, &GPIO_InitStruct);
 437              		.loc 1 266 5 view .LVU119
 266:Core/Src/tim.c ****     HAL_GPIO_Init(GPIOB, &GPIO_InitStruct);
 438              		.loc 1 266 31 is_stmt 0 view .LVU120
 439 0074 0793     		str	r3, [sp, #28]
 267:Core/Src/tim.c **** 
 440              		.loc 1 267 5 is_stmt 1 view .LVU121
 441 0076 03A9     		add	r1, sp, #12
 442 0078 0348     		ldr	r0, .L32+8
 443              	.LVL20:
 267:Core/Src/tim.c **** 
 444              		.loc 1 267 5 is_stmt 0 view .LVU122
 445 007a FFF7FEFF 		bl	HAL_GPIO_Init
 446              	.LVL21:
 447              		.loc 1 274 1 view .LVU123
 448 007e CEE7     		b	.L26
 449              	.L33:
 450              		.align	2
 451              	.L32:
 452 0080 00040040 		.word	1073742848
 453 0084 00380240 		.word	1073887232
 454 0088 00040240 		.word	1073873920
 455              		.cfi_endproc
 456              	.LFE244:
 458              		.section	.text.MX_TIM2_Init,"ax",%progbits
 459              		.align	1
 460              		.global	MX_TIM2_Init
 461              		.syntax unified
 462              		.thumb
 463              		.thumb_func
 465              	MX_TIM2_Init:
 466              	.LFB239:
  33:Core/Src/tim.c **** 
ARM GAS  C:\Users\silsp\AppData\Local\Temp\ccZ6AB9T.s 			page 15


 467              		.loc 1 33 1 is_stmt 1 view -0
 468              		.cfi_startproc
 469              		@ args = 0, pretend = 0, frame = 56
 470              		@ frame_needed = 0, uses_anonymous_args = 0
 471 0000 00B5     		push	{lr}
 472              		.cfi_def_cfa_offset 4
 473              		.cfi_offset 14, -4
 474 0002 8FB0     		sub	sp, sp, #60
 475              		.cfi_def_cfa_offset 64
  39:Core/Src/tim.c ****   TIM_MasterConfigTypeDef sMasterConfig = {0};
 476              		.loc 1 39 3 view .LVU125
  39:Core/Src/tim.c ****   TIM_MasterConfigTypeDef sMasterConfig = {0};
 477              		.loc 1 39 26 is_stmt 0 view .LVU126
 478 0004 0023     		movs	r3, #0
 479 0006 0A93     		str	r3, [sp, #40]
 480 0008 0B93     		str	r3, [sp, #44]
 481 000a 0C93     		str	r3, [sp, #48]
 482 000c 0D93     		str	r3, [sp, #52]
  40:Core/Src/tim.c ****   TIM_OC_InitTypeDef sConfigOC = {0};
 483              		.loc 1 40 3 is_stmt 1 view .LVU127
  40:Core/Src/tim.c ****   TIM_OC_InitTypeDef sConfigOC = {0};
 484              		.loc 1 40 27 is_stmt 0 view .LVU128
 485 000e 0893     		str	r3, [sp, #32]
 486 0010 0993     		str	r3, [sp, #36]
  41:Core/Src/tim.c **** 
 487              		.loc 1 41 3 is_stmt 1 view .LVU129
  41:Core/Src/tim.c **** 
 488              		.loc 1 41 22 is_stmt 0 view .LVU130
 489 0012 0193     		str	r3, [sp, #4]
 490 0014 0293     		str	r3, [sp, #8]
 491 0016 0393     		str	r3, [sp, #12]
 492 0018 0493     		str	r3, [sp, #16]
 493 001a 0593     		str	r3, [sp, #20]
 494 001c 0693     		str	r3, [sp, #24]
 495 001e 0793     		str	r3, [sp, #28]
  46:Core/Src/tim.c ****   htim2.Init.Prescaler = 2812-1;
 496              		.loc 1 46 3 is_stmt 1 view .LVU131
  46:Core/Src/tim.c ****   htim2.Init.Prescaler = 2812-1;
 497              		.loc 1 46 18 is_stmt 0 view .LVU132
 498 0020 2248     		ldr	r0, .L46
 499 0022 4FF08042 		mov	r2, #1073741824
 500 0026 0260     		str	r2, [r0]
  47:Core/Src/tim.c ****   htim2.Init.CounterMode = TIM_COUNTERMODE_UP;
 501              		.loc 1 47 3 is_stmt 1 view .LVU133
  47:Core/Src/tim.c ****   htim2.Init.CounterMode = TIM_COUNTERMODE_UP;
 502              		.loc 1 47 24 is_stmt 0 view .LVU134
 503 0028 40F6FB22 		movw	r2, #2811
 504 002c 4260     		str	r2, [r0, #4]
  48:Core/Src/tim.c ****   htim2.Init.Period = 500-1;
 505              		.loc 1 48 3 is_stmt 1 view .LVU135
  48:Core/Src/tim.c ****   htim2.Init.Period = 500-1;
 506              		.loc 1 48 26 is_stmt 0 view .LVU136
 507 002e 8360     		str	r3, [r0, #8]
  49:Core/Src/tim.c ****   htim2.Init.ClockDivision = TIM_CLOCKDIVISION_DIV1;
 508              		.loc 1 49 3 is_stmt 1 view .LVU137
  49:Core/Src/tim.c ****   htim2.Init.ClockDivision = TIM_CLOCKDIVISION_DIV1;
 509              		.loc 1 49 21 is_stmt 0 view .LVU138
ARM GAS  C:\Users\silsp\AppData\Local\Temp\ccZ6AB9T.s 			page 16


 510 0030 40F2F312 		movw	r2, #499
 511 0034 C260     		str	r2, [r0, #12]
  50:Core/Src/tim.c ****   htim2.Init.AutoReloadPreload = TIM_AUTORELOAD_PRELOAD_ENABLE;
 512              		.loc 1 50 3 is_stmt 1 view .LVU139
  50:Core/Src/tim.c ****   htim2.Init.AutoReloadPreload = TIM_AUTORELOAD_PRELOAD_ENABLE;
 513              		.loc 1 50 28 is_stmt 0 view .LVU140
 514 0036 0361     		str	r3, [r0, #16]
  51:Core/Src/tim.c ****   if (HAL_TIM_Base_Init(&htim2) != HAL_OK)
 515              		.loc 1 51 3 is_stmt 1 view .LVU141
  51:Core/Src/tim.c ****   if (HAL_TIM_Base_Init(&htim2) != HAL_OK)
 516              		.loc 1 51 32 is_stmt 0 view .LVU142
 517 0038 8023     		movs	r3, #128
 518 003a 8361     		str	r3, [r0, #24]
  52:Core/Src/tim.c ****   {
 519              		.loc 1 52 3 is_stmt 1 view .LVU143
  52:Core/Src/tim.c ****   {
 520              		.loc 1 52 7 is_stmt 0 view .LVU144
 521 003c FFF7FEFF 		bl	HAL_TIM_Base_Init
 522              	.LVL22:
  52:Core/Src/tim.c ****   {
 523              		.loc 1 52 6 discriminator 1 view .LVU145
 524 0040 28BB     		cbnz	r0, .L41
 525              	.L35:
  56:Core/Src/tim.c ****   if (HAL_TIM_ConfigClockSource(&htim2, &sClockSourceConfig) != HAL_OK)
 526              		.loc 1 56 3 is_stmt 1 view .LVU146
  56:Core/Src/tim.c ****   if (HAL_TIM_ConfigClockSource(&htim2, &sClockSourceConfig) != HAL_OK)
 527              		.loc 1 56 34 is_stmt 0 view .LVU147
 528 0042 4FF48053 		mov	r3, #4096
 529 0046 0A93     		str	r3, [sp, #40]
  57:Core/Src/tim.c ****   {
 530              		.loc 1 57 3 is_stmt 1 view .LVU148
  57:Core/Src/tim.c ****   {
 531              		.loc 1 57 7 is_stmt 0 view .LVU149
 532 0048 0AA9     		add	r1, sp, #40
 533 004a 1848     		ldr	r0, .L46
 534 004c FFF7FEFF 		bl	HAL_TIM_ConfigClockSource
 535              	.LVL23:
  57:Core/Src/tim.c ****   {
 536              		.loc 1 57 6 discriminator 1 view .LVU150
 537 0050 00BB     		cbnz	r0, .L42
 538              	.L36:
  61:Core/Src/tim.c ****   {
 539              		.loc 1 61 3 is_stmt 1 view .LVU151
  61:Core/Src/tim.c ****   {
 540              		.loc 1 61 7 is_stmt 0 view .LVU152
 541 0052 1648     		ldr	r0, .L46
 542 0054 FFF7FEFF 		bl	HAL_TIM_OC_Init
 543              	.LVL24:
  61:Core/Src/tim.c ****   {
 544              		.loc 1 61 6 discriminator 1 view .LVU153
 545 0058 F8B9     		cbnz	r0, .L43
 546              	.L37:
  65:Core/Src/tim.c ****   sMasterConfig.MasterSlaveMode = TIM_MASTERSLAVEMODE_DISABLE;
 547              		.loc 1 65 3 is_stmt 1 view .LVU154
  65:Core/Src/tim.c ****   sMasterConfig.MasterSlaveMode = TIM_MASTERSLAVEMODE_DISABLE;
 548              		.loc 1 65 37 is_stmt 0 view .LVU155
 549 005a 0023     		movs	r3, #0
ARM GAS  C:\Users\silsp\AppData\Local\Temp\ccZ6AB9T.s 			page 17


 550 005c 0893     		str	r3, [sp, #32]
  66:Core/Src/tim.c ****   if (HAL_TIMEx_MasterConfigSynchronization(&htim2, &sMasterConfig) != HAL_OK)
 551              		.loc 1 66 3 is_stmt 1 view .LVU156
  66:Core/Src/tim.c ****   if (HAL_TIMEx_MasterConfigSynchronization(&htim2, &sMasterConfig) != HAL_OK)
 552              		.loc 1 66 33 is_stmt 0 view .LVU157
 553 005e 0993     		str	r3, [sp, #36]
  67:Core/Src/tim.c ****   {
 554              		.loc 1 67 3 is_stmt 1 view .LVU158
  67:Core/Src/tim.c ****   {
 555              		.loc 1 67 7 is_stmt 0 view .LVU159
 556 0060 08A9     		add	r1, sp, #32
 557 0062 1248     		ldr	r0, .L46
 558 0064 FFF7FEFF 		bl	HAL_TIMEx_MasterConfigSynchronization
 559              	.LVL25:
  67:Core/Src/tim.c ****   {
 560              		.loc 1 67 6 discriminator 1 view .LVU160
 561 0068 D0B9     		cbnz	r0, .L44
 562              	.L38:
  71:Core/Src/tim.c ****   sConfigOC.Pulse = 0;
 563              		.loc 1 71 3 is_stmt 1 view .LVU161
  71:Core/Src/tim.c ****   sConfigOC.Pulse = 0;
 564              		.loc 1 71 20 is_stmt 0 view .LVU162
 565 006a 3023     		movs	r3, #48
 566 006c 0193     		str	r3, [sp, #4]
  72:Core/Src/tim.c ****   sConfigOC.OCPolarity = TIM_OCPOLARITY_HIGH;
 567              		.loc 1 72 3 is_stmt 1 view .LVU163
  72:Core/Src/tim.c ****   sConfigOC.OCPolarity = TIM_OCPOLARITY_HIGH;
 568              		.loc 1 72 19 is_stmt 0 view .LVU164
 569 006e 0023     		movs	r3, #0
 570 0070 0293     		str	r3, [sp, #8]
  73:Core/Src/tim.c ****   sConfigOC.OCFastMode = TIM_OCFAST_DISABLE;
 571              		.loc 1 73 3 is_stmt 1 view .LVU165
  73:Core/Src/tim.c ****   sConfigOC.OCFastMode = TIM_OCFAST_DISABLE;
 572              		.loc 1 73 24 is_stmt 0 view .LVU166
 573 0072 0393     		str	r3, [sp, #12]
  74:Core/Src/tim.c ****   if (HAL_TIM_OC_ConfigChannel(&htim2, &sConfigOC, TIM_CHANNEL_3) != HAL_OK)
 574              		.loc 1 74 3 is_stmt 1 view .LVU167
  74:Core/Src/tim.c ****   if (HAL_TIM_OC_ConfigChannel(&htim2, &sConfigOC, TIM_CHANNEL_3) != HAL_OK)
 575              		.loc 1 74 24 is_stmt 0 view .LVU168
 576 0074 0593     		str	r3, [sp, #20]
  75:Core/Src/tim.c ****   {
 577              		.loc 1 75 3 is_stmt 1 view .LVU169
  75:Core/Src/tim.c ****   {
 578              		.loc 1 75 7 is_stmt 0 view .LVU170
 579 0076 0822     		movs	r2, #8
 580 0078 01A9     		add	r1, sp, #4
 581 007a 0C48     		ldr	r0, .L46
 582 007c FFF7FEFF 		bl	HAL_TIM_OC_ConfigChannel
 583              	.LVL26:
  75:Core/Src/tim.c ****   {
 584              		.loc 1 75 6 discriminator 1 view .LVU171
 585 0080 88B9     		cbnz	r0, .L45
 586              	.L39:
  82:Core/Src/tim.c **** 
 587              		.loc 1 82 3 is_stmt 1 view .LVU172
 588 0082 0A48     		ldr	r0, .L46
 589 0084 FFF7FEFF 		bl	HAL_TIM_MspPostInit
ARM GAS  C:\Users\silsp\AppData\Local\Temp\ccZ6AB9T.s 			page 18


 590              	.LVL27:
  84:Core/Src/tim.c **** /* TIM3 init function */
 591              		.loc 1 84 1 is_stmt 0 view .LVU173
 592 0088 0FB0     		add	sp, sp, #60
 593              		.cfi_remember_state
 594              		.cfi_def_cfa_offset 4
 595              		@ sp needed
 596 008a 5DF804FB 		ldr	pc, [sp], #4
 597              	.L41:
 598              		.cfi_restore_state
  54:Core/Src/tim.c ****   }
 599              		.loc 1 54 5 is_stmt 1 view .LVU174
 600 008e FFF7FEFF 		bl	Error_Handler
 601              	.LVL28:
 602 0092 D6E7     		b	.L35
 603              	.L42:
  59:Core/Src/tim.c ****   }
 604              		.loc 1 59 5 view .LVU175
 605 0094 FFF7FEFF 		bl	Error_Handler
 606              	.LVL29:
 607 0098 DBE7     		b	.L36
 608              	.L43:
  63:Core/Src/tim.c ****   }
 609              		.loc 1 63 5 view .LVU176
 610 009a FFF7FEFF 		bl	Error_Handler
 611              	.LVL30:
 612 009e DCE7     		b	.L37
 613              	.L44:
  69:Core/Src/tim.c ****   }
 614              		.loc 1 69 5 view .LVU177
 615 00a0 FFF7FEFF 		bl	Error_Handler
 616              	.LVL31:
 617 00a4 E1E7     		b	.L38
 618              	.L45:
  77:Core/Src/tim.c ****   }
 619              		.loc 1 77 5 view .LVU178
 620 00a6 FFF7FEFF 		bl	Error_Handler
 621              	.LVL32:
 622 00aa EAE7     		b	.L39
 623              	.L47:
 624              		.align	2
 625              	.L46:
 626 00ac 00000000 		.word	htim2
 627              		.cfi_endproc
 628              	.LFE239:
 630              		.section	.text.MX_TIM3_Init,"ax",%progbits
 631              		.align	1
 632              		.global	MX_TIM3_Init
 633              		.syntax unified
 634              		.thumb
 635              		.thumb_func
 637              	MX_TIM3_Init:
 638              	.LFB240:
  87:Core/Src/tim.c **** 
 639              		.loc 1 87 1 view -0
 640              		.cfi_startproc
 641              		@ args = 0, pretend = 0, frame = 40
ARM GAS  C:\Users\silsp\AppData\Local\Temp\ccZ6AB9T.s 			page 19


 642              		@ frame_needed = 0, uses_anonymous_args = 0
 643 0000 00B5     		push	{lr}
 644              		.cfi_def_cfa_offset 4
 645              		.cfi_offset 14, -4
 646 0002 8BB0     		sub	sp, sp, #44
 647              		.cfi_def_cfa_offset 48
  93:Core/Src/tim.c ****   TIM_OC_InitTypeDef sConfigOC = {0};
 648              		.loc 1 93 3 view .LVU180
  93:Core/Src/tim.c ****   TIM_OC_InitTypeDef sConfigOC = {0};
 649              		.loc 1 93 27 is_stmt 0 view .LVU181
 650 0004 0023     		movs	r3, #0
 651 0006 0893     		str	r3, [sp, #32]
 652 0008 0993     		str	r3, [sp, #36]
  94:Core/Src/tim.c **** 
 653              		.loc 1 94 3 is_stmt 1 view .LVU182
  94:Core/Src/tim.c **** 
 654              		.loc 1 94 22 is_stmt 0 view .LVU183
 655 000a 0193     		str	r3, [sp, #4]
 656 000c 0293     		str	r3, [sp, #8]
 657 000e 0393     		str	r3, [sp, #12]
 658 0010 0493     		str	r3, [sp, #16]
 659 0012 0593     		str	r3, [sp, #20]
 660 0014 0693     		str	r3, [sp, #24]
 661 0016 0793     		str	r3, [sp, #28]
  99:Core/Src/tim.c ****   htim3.Init.Prescaler = 1-1;
 662              		.loc 1 99 3 is_stmt 1 view .LVU184
  99:Core/Src/tim.c ****   htim3.Init.Prescaler = 1-1;
 663              		.loc 1 99 18 is_stmt 0 view .LVU185
 664 0018 1E48     		ldr	r0, .L58
 665 001a 1F4A     		ldr	r2, .L58+4
 666 001c 0260     		str	r2, [r0]
 100:Core/Src/tim.c ****   htim3.Init.CounterMode = TIM_COUNTERMODE_DOWN;
 667              		.loc 1 100 3 is_stmt 1 view .LVU186
 100:Core/Src/tim.c ****   htim3.Init.CounterMode = TIM_COUNTERMODE_DOWN;
 668              		.loc 1 100 24 is_stmt 0 view .LVU187
 669 001e 4360     		str	r3, [r0, #4]
 101:Core/Src/tim.c ****   htim3.Init.Period = 4096-1;
 670              		.loc 1 101 3 is_stmt 1 view .LVU188
 101:Core/Src/tim.c ****   htim3.Init.Period = 4096-1;
 671              		.loc 1 101 26 is_stmt 0 view .LVU189
 672 0020 1022     		movs	r2, #16
 673 0022 8260     		str	r2, [r0, #8]
 102:Core/Src/tim.c ****   htim3.Init.ClockDivision = TIM_CLOCKDIVISION_DIV1;
 674              		.loc 1 102 3 is_stmt 1 view .LVU190
 102:Core/Src/tim.c ****   htim3.Init.ClockDivision = TIM_CLOCKDIVISION_DIV1;
 675              		.loc 1 102 21 is_stmt 0 view .LVU191
 676 0024 40F6FF72 		movw	r2, #4095
 677 0028 C260     		str	r2, [r0, #12]
 103:Core/Src/tim.c ****   htim3.Init.AutoReloadPreload = TIM_AUTORELOAD_PRELOAD_DISABLE;
 678              		.loc 1 103 3 is_stmt 1 view .LVU192
 103:Core/Src/tim.c ****   htim3.Init.AutoReloadPreload = TIM_AUTORELOAD_PRELOAD_DISABLE;
 679              		.loc 1 103 28 is_stmt 0 view .LVU193
 680 002a 0361     		str	r3, [r0, #16]
 104:Core/Src/tim.c ****   if (HAL_TIM_PWM_Init(&htim3) != HAL_OK)
 681              		.loc 1 104 3 is_stmt 1 view .LVU194
 104:Core/Src/tim.c ****   if (HAL_TIM_PWM_Init(&htim3) != HAL_OK)
 682              		.loc 1 104 32 is_stmt 0 view .LVU195
ARM GAS  C:\Users\silsp\AppData\Local\Temp\ccZ6AB9T.s 			page 20


 683 002c 8361     		str	r3, [r0, #24]
 105:Core/Src/tim.c ****   {
 684              		.loc 1 105 3 is_stmt 1 view .LVU196
 105:Core/Src/tim.c ****   {
 685              		.loc 1 105 7 is_stmt 0 view .LVU197
 686 002e FFF7FEFF 		bl	HAL_TIM_PWM_Init
 687              	.LVL33:
 105:Core/Src/tim.c ****   {
 688              		.loc 1 105 6 discriminator 1 view .LVU198
 689 0032 18BB     		cbnz	r0, .L54
 690              	.L49:
 109:Core/Src/tim.c ****   sMasterConfig.MasterSlaveMode = TIM_MASTERSLAVEMODE_DISABLE;
 691              		.loc 1 109 3 is_stmt 1 view .LVU199
 109:Core/Src/tim.c ****   sMasterConfig.MasterSlaveMode = TIM_MASTERSLAVEMODE_DISABLE;
 692              		.loc 1 109 37 is_stmt 0 view .LVU200
 693 0034 0023     		movs	r3, #0
 694 0036 0893     		str	r3, [sp, #32]
 110:Core/Src/tim.c ****   if (HAL_TIMEx_MasterConfigSynchronization(&htim3, &sMasterConfig) != HAL_OK)
 695              		.loc 1 110 3 is_stmt 1 view .LVU201
 110:Core/Src/tim.c ****   if (HAL_TIMEx_MasterConfigSynchronization(&htim3, &sMasterConfig) != HAL_OK)
 696              		.loc 1 110 33 is_stmt 0 view .LVU202
 697 0038 0993     		str	r3, [sp, #36]
 111:Core/Src/tim.c ****   {
 698              		.loc 1 111 3 is_stmt 1 view .LVU203
 111:Core/Src/tim.c ****   {
 699              		.loc 1 111 7 is_stmt 0 view .LVU204
 700 003a 08A9     		add	r1, sp, #32
 701 003c 1548     		ldr	r0, .L58
 702 003e FFF7FEFF 		bl	HAL_TIMEx_MasterConfigSynchronization
 703              	.LVL34:
 111:Core/Src/tim.c ****   {
 704              		.loc 1 111 6 discriminator 1 view .LVU205
 705 0042 F0B9     		cbnz	r0, .L55
 706              	.L50:
 115:Core/Src/tim.c ****   sConfigOC.Pulse = 2048-1;
 707              		.loc 1 115 3 is_stmt 1 view .LVU206
 115:Core/Src/tim.c ****   sConfigOC.Pulse = 2048-1;
 708              		.loc 1 115 20 is_stmt 0 view .LVU207
 709 0044 6023     		movs	r3, #96
 710 0046 0193     		str	r3, [sp, #4]
 116:Core/Src/tim.c ****   sConfigOC.OCPolarity = TIM_OCPOLARITY_HIGH;
 711              		.loc 1 116 3 is_stmt 1 view .LVU208
 116:Core/Src/tim.c ****   sConfigOC.OCPolarity = TIM_OCPOLARITY_HIGH;
 712              		.loc 1 116 19 is_stmt 0 view .LVU209
 713 0048 40F2FF73 		movw	r3, #2047
 714 004c 0293     		str	r3, [sp, #8]
 117:Core/Src/tim.c ****   sConfigOC.OCFastMode = TIM_OCFAST_DISABLE;
 715              		.loc 1 117 3 is_stmt 1 view .LVU210
 117:Core/Src/tim.c ****   sConfigOC.OCFastMode = TIM_OCFAST_DISABLE;
 716              		.loc 1 117 24 is_stmt 0 view .LVU211
 717 004e 0022     		movs	r2, #0
 718 0050 0392     		str	r2, [sp, #12]
 118:Core/Src/tim.c ****   if (HAL_TIM_PWM_ConfigChannel(&htim3, &sConfigOC, TIM_CHANNEL_1) != HAL_OK)
 719              		.loc 1 118 3 is_stmt 1 view .LVU212
 118:Core/Src/tim.c ****   if (HAL_TIM_PWM_ConfigChannel(&htim3, &sConfigOC, TIM_CHANNEL_1) != HAL_OK)
 720              		.loc 1 118 24 is_stmt 0 view .LVU213
 721 0052 0592     		str	r2, [sp, #20]
ARM GAS  C:\Users\silsp\AppData\Local\Temp\ccZ6AB9T.s 			page 21


 119:Core/Src/tim.c ****   {
 722              		.loc 1 119 3 is_stmt 1 view .LVU214
 119:Core/Src/tim.c ****   {
 723              		.loc 1 119 7 is_stmt 0 view .LVU215
 724 0054 01A9     		add	r1, sp, #4
 725 0056 0F48     		ldr	r0, .L58
 726 0058 FFF7FEFF 		bl	HAL_TIM_PWM_ConfigChannel
 727              	.LVL35:
 119:Core/Src/tim.c ****   {
 728              		.loc 1 119 6 discriminator 1 view .LVU216
 729 005c A0B9     		cbnz	r0, .L56
 730              	.L51:
 123:Core/Src/tim.c ****   if (HAL_TIM_PWM_ConfigChannel(&htim3, &sConfigOC, TIM_CHANNEL_2) != HAL_OK)
 731              		.loc 1 123 3 is_stmt 1 view .LVU217
 123:Core/Src/tim.c ****   if (HAL_TIM_PWM_ConfigChannel(&htim3, &sConfigOC, TIM_CHANNEL_2) != HAL_OK)
 732              		.loc 1 123 24 is_stmt 0 view .LVU218
 733 005e 0223     		movs	r3, #2
 734 0060 0393     		str	r3, [sp, #12]
 124:Core/Src/tim.c ****   {
 735              		.loc 1 124 3 is_stmt 1 view .LVU219
 124:Core/Src/tim.c ****   {
 736              		.loc 1 124 7 is_stmt 0 view .LVU220
 737 0062 0422     		movs	r2, #4
 738 0064 0DEB0201 		add	r1, sp, r2
 739 0068 0A48     		ldr	r0, .L58
 740 006a FFF7FEFF 		bl	HAL_TIM_PWM_ConfigChannel
 741              	.LVL36:
 124:Core/Src/tim.c ****   {
 742              		.loc 1 124 6 discriminator 1 view .LVU221
 743 006e 70B9     		cbnz	r0, .L57
 744              	.L52:
 131:Core/Src/tim.c **** 
 745              		.loc 1 131 3 is_stmt 1 view .LVU222
 746 0070 0848     		ldr	r0, .L58
 747 0072 FFF7FEFF 		bl	HAL_TIM_MspPostInit
 748              	.LVL37:
 133:Core/Src/tim.c **** /* TIM6 init function */
 749              		.loc 1 133 1 is_stmt 0 view .LVU223
 750 0076 0BB0     		add	sp, sp, #44
 751              		.cfi_remember_state
 752              		.cfi_def_cfa_offset 4
 753              		@ sp needed
 754 0078 5DF804FB 		ldr	pc, [sp], #4
 755              	.L54:
 756              		.cfi_restore_state
 107:Core/Src/tim.c ****   }
 757              		.loc 1 107 5 is_stmt 1 view .LVU224
 758 007c FFF7FEFF 		bl	Error_Handler
 759              	.LVL38:
 760 0080 D8E7     		b	.L49
 761              	.L55:
 113:Core/Src/tim.c ****   }
 762              		.loc 1 113 5 view .LVU225
 763 0082 FFF7FEFF 		bl	Error_Handler
 764              	.LVL39:
 765 0086 DDE7     		b	.L50
 766              	.L56:
ARM GAS  C:\Users\silsp\AppData\Local\Temp\ccZ6AB9T.s 			page 22


 121:Core/Src/tim.c ****   }
 767              		.loc 1 121 5 view .LVU226
 768 0088 FFF7FEFF 		bl	Error_Handler
 769              	.LVL40:
 770 008c E7E7     		b	.L51
 771              	.L57:
 126:Core/Src/tim.c ****   }
 772              		.loc 1 126 5 view .LVU227
 773 008e FFF7FEFF 		bl	Error_Handler
 774              	.LVL41:
 775 0092 EDE7     		b	.L52
 776              	.L59:
 777              		.align	2
 778              	.L58:
 779 0094 00000000 		.word	htim3
 780 0098 00040040 		.word	1073742848
 781              		.cfi_endproc
 782              	.LFE240:
 784              		.section	.text.HAL_TIM_Base_MspDeInit,"ax",%progbits
 785              		.align	1
 786              		.global	HAL_TIM_Base_MspDeInit
 787              		.syntax unified
 788              		.thumb
 789              		.thumb_func
 791              	HAL_TIM_Base_MspDeInit:
 792              	.LVL42:
 793              	.LFB245:
 275:Core/Src/tim.c **** 
 276:Core/Src/tim.c **** void HAL_TIM_Base_MspDeInit(TIM_HandleTypeDef* tim_baseHandle)
 277:Core/Src/tim.c **** {
 794              		.loc 1 277 1 view -0
 795              		.cfi_startproc
 796              		@ args = 0, pretend = 0, frame = 0
 797              		@ frame_needed = 0, uses_anonymous_args = 0
 798              		.loc 1 277 1 is_stmt 0 view .LVU229
 799 0000 08B5     		push	{r3, lr}
 800              		.cfi_def_cfa_offset 8
 801              		.cfi_offset 3, -8
 802              		.cfi_offset 14, -4
 278:Core/Src/tim.c **** 
 279:Core/Src/tim.c ****   if(tim_baseHandle->Instance==TIM2)
 803              		.loc 1 279 3 is_stmt 1 view .LVU230
 804              		.loc 1 279 20 is_stmt 0 view .LVU231
 805 0002 0368     		ldr	r3, [r0]
 806              		.loc 1 279 5 view .LVU232
 807 0004 B3F1804F 		cmp	r3, #1073741824
 808 0008 03D0     		beq	.L64
 280:Core/Src/tim.c ****   {
 281:Core/Src/tim.c ****   /* USER CODE BEGIN TIM2_MspDeInit 0 */
 282:Core/Src/tim.c **** 
 283:Core/Src/tim.c ****   /* USER CODE END TIM2_MspDeInit 0 */
 284:Core/Src/tim.c ****     /* Peripheral clock disable */
 285:Core/Src/tim.c ****     __HAL_RCC_TIM2_CLK_DISABLE();
 286:Core/Src/tim.c **** 
 287:Core/Src/tim.c ****     /**TIM2 GPIO Configuration
 288:Core/Src/tim.c ****     PB10     ------> TIM2_CH3
 289:Core/Src/tim.c ****     PB8     ------> TIM2_CH1
ARM GAS  C:\Users\silsp\AppData\Local\Temp\ccZ6AB9T.s 			page 23


 290:Core/Src/tim.c ****     */
 291:Core/Src/tim.c ****     HAL_GPIO_DeInit(GPIOB, SPEAKER_Pin|GPIO_PIN_8);
 292:Core/Src/tim.c **** 
 293:Core/Src/tim.c ****   /* USER CODE BEGIN TIM2_MspDeInit 1 */
 294:Core/Src/tim.c **** 
 295:Core/Src/tim.c ****   /* USER CODE END TIM2_MspDeInit 1 */
 296:Core/Src/tim.c ****   }
 297:Core/Src/tim.c ****   else if(tim_baseHandle->Instance==TIM6)
 809              		.loc 1 297 8 is_stmt 1 view .LVU233
 810              		.loc 1 297 10 is_stmt 0 view .LVU234
 811 000a 0C4A     		ldr	r2, .L66
 812 000c 9342     		cmp	r3, r2
 813 000e 0BD0     		beq	.L65
 814              	.LVL43:
 815              	.L60:
 298:Core/Src/tim.c ****   {
 299:Core/Src/tim.c ****   /* USER CODE BEGIN TIM6_MspDeInit 0 */
 300:Core/Src/tim.c **** 
 301:Core/Src/tim.c ****   /* USER CODE END TIM6_MspDeInit 0 */
 302:Core/Src/tim.c ****     /* Peripheral clock disable */
 303:Core/Src/tim.c ****     __HAL_RCC_TIM6_CLK_DISABLE();
 304:Core/Src/tim.c **** 
 305:Core/Src/tim.c ****     /* TIM6 interrupt Deinit */
 306:Core/Src/tim.c ****     HAL_NVIC_DisableIRQ(TIM6_DAC_IRQn);
 307:Core/Src/tim.c ****   /* USER CODE BEGIN TIM6_MspDeInit 1 */
 308:Core/Src/tim.c **** 
 309:Core/Src/tim.c ****   /* USER CODE END TIM6_MspDeInit 1 */
 310:Core/Src/tim.c ****   }
 311:Core/Src/tim.c **** }
 816              		.loc 1 311 1 view .LVU235
 817 0010 08BD     		pop	{r3, pc}
 818              	.LVL44:
 819              	.L64:
 285:Core/Src/tim.c **** 
 820              		.loc 1 285 5 is_stmt 1 view .LVU236
 821 0012 0B4A     		ldr	r2, .L66+4
 822 0014 136C     		ldr	r3, [r2, #64]
 823 0016 23F00103 		bic	r3, r3, #1
 824 001a 1364     		str	r3, [r2, #64]
 291:Core/Src/tim.c **** 
 825              		.loc 1 291 5 view .LVU237
 826 001c 4FF4A061 		mov	r1, #1280
 827 0020 0848     		ldr	r0, .L66+8
 828              	.LVL45:
 291:Core/Src/tim.c **** 
 829              		.loc 1 291 5 is_stmt 0 view .LVU238
 830 0022 FFF7FEFF 		bl	HAL_GPIO_DeInit
 831              	.LVL46:
 832 0026 F3E7     		b	.L60
 833              	.LVL47:
 834              	.L65:
 303:Core/Src/tim.c **** 
 835              		.loc 1 303 5 is_stmt 1 view .LVU239
 836 0028 02F50A32 		add	r2, r2, #141312
 837 002c 136C     		ldr	r3, [r2, #64]
 838 002e 23F01003 		bic	r3, r3, #16
 839 0032 1364     		str	r3, [r2, #64]
ARM GAS  C:\Users\silsp\AppData\Local\Temp\ccZ6AB9T.s 			page 24


 306:Core/Src/tim.c ****   /* USER CODE BEGIN TIM6_MspDeInit 1 */
 840              		.loc 1 306 5 view .LVU240
 841 0034 3620     		movs	r0, #54
 842              	.LVL48:
 306:Core/Src/tim.c ****   /* USER CODE BEGIN TIM6_MspDeInit 1 */
 843              		.loc 1 306 5 is_stmt 0 view .LVU241
 844 0036 FFF7FEFF 		bl	HAL_NVIC_DisableIRQ
 845              	.LVL49:
 846              		.loc 1 311 1 view .LVU242
 847 003a E9E7     		b	.L60
 848              	.L67:
 849              		.align	2
 850              	.L66:
 851 003c 00100040 		.word	1073745920
 852 0040 00380240 		.word	1073887232
 853 0044 00040240 		.word	1073873920
 854              		.cfi_endproc
 855              	.LFE245:
 857              		.section	.text.HAL_TIM_PWM_MspDeInit,"ax",%progbits
 858              		.align	1
 859              		.global	HAL_TIM_PWM_MspDeInit
 860              		.syntax unified
 861              		.thumb
 862              		.thumb_func
 864              	HAL_TIM_PWM_MspDeInit:
 865              	.LVL50:
 866              	.LFB246:
 312:Core/Src/tim.c **** 
 313:Core/Src/tim.c **** void HAL_TIM_PWM_MspDeInit(TIM_HandleTypeDef* tim_pwmHandle)
 314:Core/Src/tim.c **** {
 867              		.loc 1 314 1 is_stmt 1 view -0
 868              		.cfi_startproc
 869              		@ args = 0, pretend = 0, frame = 0
 870              		@ frame_needed = 0, uses_anonymous_args = 0
 871              		@ link register save eliminated.
 315:Core/Src/tim.c **** 
 316:Core/Src/tim.c ****   if(tim_pwmHandle->Instance==TIM3)
 872              		.loc 1 316 3 view .LVU244
 873              		.loc 1 316 19 is_stmt 0 view .LVU245
 874 0000 0268     		ldr	r2, [r0]
 875              		.loc 1 316 5 view .LVU246
 876 0002 054B     		ldr	r3, .L71
 877 0004 9A42     		cmp	r2, r3
 878 0006 00D0     		beq	.L70
 879              	.L68:
 317:Core/Src/tim.c ****   {
 318:Core/Src/tim.c ****   /* USER CODE BEGIN TIM3_MspDeInit 0 */
 319:Core/Src/tim.c **** 
 320:Core/Src/tim.c ****   /* USER CODE END TIM3_MspDeInit 0 */
 321:Core/Src/tim.c ****     /* Peripheral clock disable */
 322:Core/Src/tim.c ****     __HAL_RCC_TIM3_CLK_DISABLE();
 323:Core/Src/tim.c ****   /* USER CODE BEGIN TIM3_MspDeInit 1 */
 324:Core/Src/tim.c **** 
 325:Core/Src/tim.c ****   /* USER CODE END TIM3_MspDeInit 1 */
 326:Core/Src/tim.c ****   }
 327:Core/Src/tim.c **** }
 880              		.loc 1 327 1 view .LVU247
ARM GAS  C:\Users\silsp\AppData\Local\Temp\ccZ6AB9T.s 			page 25


 881 0008 7047     		bx	lr
 882              	.L70:
 322:Core/Src/tim.c ****   /* USER CODE BEGIN TIM3_MspDeInit 1 */
 883              		.loc 1 322 5 is_stmt 1 view .LVU248
 884 000a 044A     		ldr	r2, .L71+4
 885 000c 136C     		ldr	r3, [r2, #64]
 886 000e 23F00203 		bic	r3, r3, #2
 887 0012 1364     		str	r3, [r2, #64]
 888              		.loc 1 327 1 is_stmt 0 view .LVU249
 889 0014 F8E7     		b	.L68
 890              	.L72:
 891 0016 00BF     		.align	2
 892              	.L71:
 893 0018 00040040 		.word	1073742848
 894 001c 00380240 		.word	1073887232
 895              		.cfi_endproc
 896              	.LFE246:
 898              		.global	htim6
 899              		.section	.bss.htim6,"aw",%nobits
 900              		.align	2
 903              	htim6:
 904 0000 00000000 		.space	72
 904      00000000 
 904      00000000 
 904      00000000 
 904      00000000 
 905              		.global	htim3
 906              		.section	.bss.htim3,"aw",%nobits
 907              		.align	2
 910              	htim3:
 911 0000 00000000 		.space	72
 911      00000000 
 911      00000000 
 911      00000000 
 911      00000000 
 912              		.global	htim2
 913              		.section	.bss.htim2,"aw",%nobits
 914              		.align	2
 917              	htim2:
 918 0000 00000000 		.space	72
 918      00000000 
 918      00000000 
 918      00000000 
 918      00000000 
 919              		.text
 920              	.Letext0:
 921              		.file 2 "Drivers/CMSIS/Device/ST/STM32F4xx/Include/stm32f446xx.h"
 922              		.file 3 "C:/Users/silsp/AppData/Roaming/Code/User/globalStorage/bmd.stm32-for-vscode/@xpack-dev-to
 923              		.file 4 "C:/Users/silsp/AppData/Roaming/Code/User/globalStorage/bmd.stm32-for-vscode/@xpack-dev-to
 924              		.file 5 "Drivers/STM32F4xx_HAL_Driver/Inc/stm32f4xx_hal_def.h"
 925              		.file 6 "Drivers/STM32F4xx_HAL_Driver/Inc/stm32f4xx_hal_gpio.h"
 926              		.file 7 "Drivers/STM32F4xx_HAL_Driver/Inc/stm32f4xx_hal_dma.h"
 927              		.file 8 "Drivers/STM32F4xx_HAL_Driver/Inc/stm32f4xx_hal_tim.h"
 928              		.file 9 "Core/Inc/tim.h"
 929              		.file 10 "Drivers/STM32F4xx_HAL_Driver/Inc/stm32f4xx_hal_cortex.h"
 930              		.file 11 "Drivers/STM32F4xx_HAL_Driver/Inc/stm32f4xx_hal_tim_ex.h"
 931              		.file 12 "Core/Inc/main.h"
ARM GAS  C:\Users\silsp\AppData\Local\Temp\ccZ6AB9T.s 			page 26


ARM GAS  C:\Users\silsp\AppData\Local\Temp\ccZ6AB9T.s 			page 27


DEFINED SYMBOLS
                            *ABS*:00000000 tim.c
C:\Users\silsp\AppData\Local\Temp\ccZ6AB9T.s:21     .text.MX_TIM6_Init:00000000 $t
C:\Users\silsp\AppData\Local\Temp\ccZ6AB9T.s:27     .text.MX_TIM6_Init:00000000 MX_TIM6_Init
C:\Users\silsp\AppData\Local\Temp\ccZ6AB9T.s:106    .text.MX_TIM6_Init:00000048 $d
C:\Users\silsp\AppData\Local\Temp\ccZ6AB9T.s:903    .bss.htim6:00000000 htim6
C:\Users\silsp\AppData\Local\Temp\ccZ6AB9T.s:112    .text.HAL_TIM_Base_MspInit:00000000 $t
C:\Users\silsp\AppData\Local\Temp\ccZ6AB9T.s:118    .text.HAL_TIM_Base_MspInit:00000000 HAL_TIM_Base_MspInit
C:\Users\silsp\AppData\Local\Temp\ccZ6AB9T.s:253    .text.HAL_TIM_Base_MspInit:00000094 $d
C:\Users\silsp\AppData\Local\Temp\ccZ6AB9T.s:260    .text.HAL_TIM_PWM_MspInit:00000000 $t
C:\Users\silsp\AppData\Local\Temp\ccZ6AB9T.s:266    .text.HAL_TIM_PWM_MspInit:00000000 HAL_TIM_PWM_MspInit
C:\Users\silsp\AppData\Local\Temp\ccZ6AB9T.s:312    .text.HAL_TIM_PWM_MspInit:00000028 $d
C:\Users\silsp\AppData\Local\Temp\ccZ6AB9T.s:318    .text.HAL_TIM_MspPostInit:00000000 $t
C:\Users\silsp\AppData\Local\Temp\ccZ6AB9T.s:324    .text.HAL_TIM_MspPostInit:00000000 HAL_TIM_MspPostInit
C:\Users\silsp\AppData\Local\Temp\ccZ6AB9T.s:452    .text.HAL_TIM_MspPostInit:00000080 $d
C:\Users\silsp\AppData\Local\Temp\ccZ6AB9T.s:459    .text.MX_TIM2_Init:00000000 $t
C:\Users\silsp\AppData\Local\Temp\ccZ6AB9T.s:465    .text.MX_TIM2_Init:00000000 MX_TIM2_Init
C:\Users\silsp\AppData\Local\Temp\ccZ6AB9T.s:626    .text.MX_TIM2_Init:000000ac $d
C:\Users\silsp\AppData\Local\Temp\ccZ6AB9T.s:917    .bss.htim2:00000000 htim2
C:\Users\silsp\AppData\Local\Temp\ccZ6AB9T.s:631    .text.MX_TIM3_Init:00000000 $t
C:\Users\silsp\AppData\Local\Temp\ccZ6AB9T.s:637    .text.MX_TIM3_Init:00000000 MX_TIM3_Init
C:\Users\silsp\AppData\Local\Temp\ccZ6AB9T.s:779    .text.MX_TIM3_Init:00000094 $d
C:\Users\silsp\AppData\Local\Temp\ccZ6AB9T.s:910    .bss.htim3:00000000 htim3
C:\Users\silsp\AppData\Local\Temp\ccZ6AB9T.s:785    .text.HAL_TIM_Base_MspDeInit:00000000 $t
C:\Users\silsp\AppData\Local\Temp\ccZ6AB9T.s:791    .text.HAL_TIM_Base_MspDeInit:00000000 HAL_TIM_Base_MspDeInit
C:\Users\silsp\AppData\Local\Temp\ccZ6AB9T.s:851    .text.HAL_TIM_Base_MspDeInit:0000003c $d
C:\Users\silsp\AppData\Local\Temp\ccZ6AB9T.s:858    .text.HAL_TIM_PWM_MspDeInit:00000000 $t
C:\Users\silsp\AppData\Local\Temp\ccZ6AB9T.s:864    .text.HAL_TIM_PWM_MspDeInit:00000000 HAL_TIM_PWM_MspDeInit
C:\Users\silsp\AppData\Local\Temp\ccZ6AB9T.s:893    .text.HAL_TIM_PWM_MspDeInit:00000018 $d
C:\Users\silsp\AppData\Local\Temp\ccZ6AB9T.s:900    .bss.htim6:00000000 $d
C:\Users\silsp\AppData\Local\Temp\ccZ6AB9T.s:907    .bss.htim3:00000000 $d
C:\Users\silsp\AppData\Local\Temp\ccZ6AB9T.s:914    .bss.htim2:00000000 $d

UNDEFINED SYMBOLS
HAL_TIM_Base_Init
HAL_TIMEx_MasterConfigSynchronization
Error_Handler
HAL_GPIO_Init
HAL_NVIC_SetPriority
HAL_NVIC_EnableIRQ
HAL_TIM_ConfigClockSource
HAL_TIM_OC_Init
HAL_TIM_OC_ConfigChannel
HAL_TIM_PWM_Init
HAL_TIM_PWM_ConfigChannel
HAL_GPIO_DeInit
HAL_NVIC_DisableIRQ
